[I 2025-10-02 06:54:08.280 ServerApp] Extension package jupyter_lsp took 0.8201s to import
[I 2025-10-02 06:54:08.741 ServerApp] Extension package jupyter_server_terminals took 0.4606s to import
[I 2025-10-02 06:54:11.550 ServerApp] jupyter_lsp | extension was successfully linked.
[I 2025-10-02 06:54:11.554 ServerApp] jupyter_server_terminals | extension was successfully linked.
[I 2025-10-02 06:54:11.558 ServerApp] jupyterlab | extension was successfully linked.
[W 2025-10-02 06:54:11.577 JupyterNotebookApp] 'password' has moved from NotebookApp to ServerApp. This config will be passed to ServerApp. Be sure to update your config before our next release.
[W 2025-10-02 06:54:11.579 ServerApp] ServerApp.password config is deprecated in 2.0. Use PasswordIdentityProvider.hashed_password.
[I 2025-10-02 06:54:11.579 ServerApp] notebook | extension was successfully linked.
[W 2025-10-02 06:54:21.709 ServerApp] jupyter_http_over_ws | error adding extension (enabled: True): The module 'jupyter_http_over_ws' could not be found (No module named 'jupyter_http_over_ws'). Are you sure the extension is installed?
    Traceback (most recent call last):
      File "/ihome/lchong/dty7/Apps/anaconda3/envs/kif/lib/python3.11/site-packages/jupyter_server/extension/manager.py", line 358, in add_extension
        extpkg = ExtensionPackage(name=extension_name, enabled=enabled)
                 ^^^^^^^^^^^^^^^^^^^^^^^^^^^^^^^^^^^^^^^^^^^^^^^^^^^^^^
      File "/ihome/lchong/dty7/Apps/anaconda3/envs/kif/lib/python3.11/site-packages/jupyter_server/extension/manager.py", line 212, in __init__
        self._load_metadata()
      File "/ihome/lchong/dty7/Apps/anaconda3/envs/kif/lib/python3.11/site-packages/jupyter_server/extension/manager.py", line 227, in _load_metadata
        raise ExtensionModuleNotFound(msg) from None
    jupyter_server.extension.utils.ExtensionModuleNotFound: The module 'jupyter_http_over_ws' could not be found (No module named 'jupyter_http_over_ws'). Are you sure the extension is installed?
[I 2025-10-02 06:54:21.724 ServerApp] notebook_shim | extension was successfully linked.
[I 2025-10-02 06:54:22.270 ServerApp] notebook_shim | extension was successfully loaded.
[I 2025-10-02 06:54:22.273 ServerApp] jupyter_lsp | extension was successfully loaded.
[I 2025-10-02 06:54:22.274 ServerApp] jupyter_server_terminals | extension was successfully loaded.
[I 2025-10-02 06:54:22.652 LabApp] JupyterLab extension loaded from /ihome/lchong/dty7/Apps/anaconda3/envs/kif/lib/python3.11/site-packages/jupyterlab
[I 2025-10-02 06:54:22.652 LabApp] JupyterLab application directory is /ihome/lchong/dty7/Apps/anaconda3/envs/kif/share/jupyter/lab
[I 2025-10-02 06:54:22.685 LabApp] Extension Manager is 'pypi'.
[I 2025-10-02 06:54:23.810 ServerApp] jupyterlab | extension was successfully loaded.
[I 2025-10-02 06:54:23.814 ServerApp] notebook | extension was successfully loaded.
[I 2025-10-02 06:54:23.815 ServerApp] Serving notebooks from local directory: /ix/ssaxena/shared/ssaxena_dty7/rkif_lbp
[I 2025-10-02 06:54:23.815 ServerApp] Jupyter Server 2.16.0 is running at:
[I 2025-10-02 06:54:23.815 ServerApp] http://smp-1024-n1.crc.pitt.edu:8888/tree
[I 2025-10-02 06:54:23.815 ServerApp]     http://127.0.0.1:8888/tree
[I 2025-10-02 06:54:23.815 ServerApp] Use Control-C to stop this server and shut down all kernels (twice to skip confirmation).
[I 2025-10-02 06:54:23.966 ServerApp] Skipped non-installed server(s): bash-language-server, dockerfile-language-server-nodejs, javascript-typescript-langserver, jedi-language-server, julia-language-server, pyright, python-language-server, python-lsp-server, r-languageserver, sql-language-server, texlab, typescript-language-server, unified-language-server, vscode-css-languageserver-bin, vscode-html-languageserver-bin, vscode-json-languageserver-bin, yaml-language-server
[I 2025-10-02 06:56:28.523 JupyterNotebookApp] 302 GET /tree (@10.201.0.22) 0.49ms
[I 2025-10-02 06:56:34.001 ServerApp] User a774ede539ba4c3296eb4058fff22e12 logged in.
[I 2025-10-02 06:56:34.001 ServerApp] 302 POST /login?next=%2Ftree (a774ede539ba4c3296eb4058fff22e12@10.201.0.22) 340.82ms
[I 2025-10-02 06:56:58.622 ServerApp] Kernel started: 5545223a-f826-46f3-9d67-b3e5ebcc8f45
[I 2025-10-02 06:57:03.322 ServerApp] Connecting to kernel 5545223a-f826-46f3-9d67-b3e5ebcc8f45.
[I 2025-10-02 06:57:03.323 ServerApp] Connecting to kernel 5545223a-f826-46f3-9d67-b3e5ebcc8f45.
[W 2025-10-02 06:57:03.324 ServerApp] The websocket_ping_timeout (90000) cannot be longer than the websocket_ping_interval (30000).
    Setting websocket_ping_timeout=30000
[I 2025-10-02 06:57:03.542 ServerApp] Connecting to kernel 5545223a-f826-46f3-9d67-b3e5ebcc8f45.
[I 2025-10-02 06:57:03.543 ServerApp] Connecting to kernel 5545223a-f826-46f3-9d67-b3e5ebcc8f45.
[I 2025-10-02 07:00:58.461 ServerApp] Saving file at /rkif_lbp.ipynb
[I 2025-10-02 07:02:59.423 ServerApp] Saving file at /rkif_lbp.ipynb
[I 2025-10-02 07:09:01.420 ServerApp] Saving file at /rkif_lbp.ipynb
[I 2025-10-02 07:09:16.250 ServerApp] Saving file at /rkif_lbp.ipynb
[I 2025-10-02 07:10:10.166 ServerApp] Saving file at /rkif_lbp.ipynb
[I 2025-10-02 07:12:11.421 ServerApp] Saving file at /rkif_lbp.ipynb
[I 2025-10-02 07:14:12.423 ServerApp] Saving file at /rkif_lbp.ipynb
[I 2025-10-02 07:17:06.927 ServerApp] Saving file at /rkif_lbp.ipynb
